Build started 10/7/2016 8:28:54 PM.
Project "D:\DSACPP\Fundamental\Fundamental.vcxproj" on node 2 (rebuild target(s)).
_PrepareForClean:
  Deleting file "Debug\Fundamental.lastbuildstate".
InitializeBuildStatus:
  Creating "Debug\Fundamental.unsuccessfulbuild" because "AlwaysCreate" was specified.
ClCompile:
  C:\Program Files\Microsoft Visual Studio 10.0\VC\bin\CL.exe /c /ZI /nologo /W3 /WX- /Od /Oy- /D WIN32 /D _DEBUG /D _CONSOLE /D _UNICODE /D UNICODE /Gm /EHsc /RTC1 /MDd /GS /fp:precise /Zc:wchar_t /Zc:forScope /Fo"Debug\\" /Fd"Debug\vc100.pdb" /Gd /TP /analyze- /errorReport:prompt main.cpp
  main.cpp
ManifestResourceCompile:
  C:\Program Files\Microsoft SDKs\Windows\v7.0A\bin\rc.exe /nologo /fo"Debug\Fundamental.exe.embed.manifest.res" Debug\Fundamental_manifest.rc 
Link:
  C:\Program Files\Microsoft Visual Studio 10.0\VC\bin\link.exe /ERRORREPORT:PROMPT /OUT:"D:\DSACPP\Fundamental\Debug\Fundamental.exe" /INCREMENTAL /NOLOGO kernel32.lib user32.lib gdi32.lib winspool.lib comdlg32.lib advapi32.lib shell32.lib ole32.lib oleaut32.lib uuid.lib odbc32.lib odbccp32.lib /MANIFEST /ManifestFile:"Debug\Fundamental.exe.intermediate.manifest" /MANIFESTUAC:"level='asInvoker' uiAccess='false'" /DEBUG /PDB:"D:\DSACPP\Fundamental\Debug\Fundamental.pdb" /SUBSYSTEM:CONSOLE /TLBID:1 /DYNAMICBASE /NXCOMPAT /IMPLIB:"D:\DSACPP\Fundamental\Debug\Fundamental.lib" /MACHINE:X86 Debug\Fundamental.exe.embed.manifest.res
  Debug\main.obj
Manifest:
  Deleting file "Debug\Fundamental.exe.embed.manifest".
  C:\Program Files\Microsoft SDKs\Windows\v7.0A\bin\mt.exe /nologo /verbose /out:"Debug\Fundamental.exe.embed.manifest" /manifest Debug\Fundamental.exe.intermediate.manifest
  C:\Program Files\Microsoft SDKs\Windows\v7.0A\bin\rc.exe /nologo /fo"Debug\Fundamental.exe.embed.manifest.res" Debug\Fundamental_manifest.rc 
LinkEmbedManifest:
  C:\Program Files\Microsoft Visual Studio 10.0\VC\bin\link.exe /ERRORREPORT:PROMPT /OUT:"D:\DSACPP\Fundamental\Debug\Fundamental.exe" /INCREMENTAL /NOLOGO kernel32.lib user32.lib gdi32.lib winspool.lib comdlg32.lib advapi32.lib shell32.lib ole32.lib oleaut32.lib uuid.lib odbc32.lib odbccp32.lib /MANIFEST /ManifestFile:"Debug\Fundamental.exe.intermediate.manifest" /MANIFESTUAC:"level='asInvoker' uiAccess='false'" /DEBUG /PDB:"D:\DSACPP\Fundamental\Debug\Fundamental.pdb" /SUBSYSTEM:CONSOLE /TLBID:1 /DYNAMICBASE /NXCOMPAT /IMPLIB:"D:\DSACPP\Fundamental\Debug\Fundamental.lib" /MACHINE:X86 Debug\Fundamental.exe.embed.manifest.res
  Debug\main.obj
  Fundamental.vcxproj -> D:\DSACPP\Fundamental\Debug\Fundamental.exe
FinalizeBuildStatus:
  Deleting file "Debug\Fundamental.unsuccessfulbuild".
  Touching "Debug\Fundamental.lastbuildstate".
Done Building Project "D:\DSACPP\Fundamental\Fundamental.vcxproj" (rebuild target(s)).

Build succeeded.

Time Elapsed 00:00:01.62
