D:\DSACPP\Fundamental\Debug\_share.pdb
D:\DSACPP\Fundamental\Debug\cl.command.1.tlog
D:\DSACPP\Fundamental\Debug\CL.read.1.tlog
D:\DSACPP\Fundamental\Debug\CL.write.1.tlog
D:\DSACPP\FUNDAMENTAL\DEBUG\FUNDAMENTAL.EXE
D:\DSACPP\FUNDAMENTAL\DEBUG\FUNDAMENTAL.EXE.EMBED.MANIFEST
D:\DSACPP\FUNDAMENTAL\DEBUG\FUNDAMENTAL.EXE.EMBED.MANIFEST.RES
D:\DSACPP\FUNDAMENTAL\DEBUG\FUNDAMENTAL.EXE.INTERMEDIATE.MANIFEST
D:\DSACPP\FUNDAMENTAL\DEBUG\FUNDAMENTAL.ILK
D:\DSACPP\FUNDAMENTAL\DEBUG\FUNDAMENTAL.PDB
D:\DSACPP\Fundamental\Debug\Fundamental_manifest.rc
D:\DSACPP\Fundamental\Debug\link.4364.read.1.tlog
D:\DSACPP\Fundamental\Debug\link.4364.write.1.tlog
D:\DSACPP\Fundamental\Debug\link.4364-cvtres.read.1.tlog
D:\DSACPP\Fundamental\Debug\link.4364-cvtres.write.1.tlog
D:\DSACPP\Fundamental\Debug\link.command.1.tlog
D:\DSACPP\Fundamental\Debug\link.read.1.tlog
D:\DSACPP\Fundamental\Debug\link.write.1.tlog
D:\DSACPP\Fundamental\Debug\link-cvtres.read.1.tlog
D:\DSACPP\Fundamental\Debug\link-cvtres.write.1.tlog
D:\DSACPP\FUNDAMENTAL\DEBUG\MAIN.OBJ
D:\DSACPP\Fundamental\Debug\mt.command.1.tlog
D:\DSACPP\Fundamental\Debug\mt.read.1.tlog
D:\DSACPP\Fundamental\Debug\mt.write.1.tlog
D:\DSACPP\Fundamental\Debug\rc.command.1.tlog
D:\DSACPP\Fundamental\Debug\rc.read.1.tlog
D:\DSACPP\Fundamental\Debug\rc.write.1.tlog
D:\DSACPP\Fundamental\Debug\vc100.idb
D:\DSACPP\FUNDAMENTAL\DEBUG\VC100.PDB
D:\DSACPP\Fundamental\Debug\Vector.pdb
