Build started 10/16/2016 5:07:41 PM.
Project "D:\DSACPP\List\List.vcxproj" on node 2 (build target(s)).
InitializeBuildStatus:
  Touching "Debug\List.unsuccessfulbuild".
ClCompile:
  C:\Program Files\Microsoft Visual Studio 10.0\VC\bin\CL.exe /c /ZI /nologo /W3 /WX- /Od /Oy- /D WIN32 /D _DEBUG /D _CONSOLE /D _UNICODE /D UNICODE /Gm /EHsc /RTC1 /MDd /GS /fp:precise /Zc:wchar_t /Zc:forScope /Fo"Debug\\" /Fd"Debug\vc100.pdb" /Gd /TP /analyze- /errorReport:prompt main.cpp
  main.cpp
ManifestResourceCompile:
  All outputs are up-to-date.
Link:
  C:\Program Files\Microsoft Visual Studio 10.0\VC\bin\link.exe /ERRORREPORT:PROMPT /OUT:"D:\DSACPP\Fundamental\Debug\List.exe" /INCREMENTAL /NOLOGO kernel32.lib user32.lib gdi32.lib winspool.lib comdlg32.lib advapi32.lib shell32.lib ole32.lib oleaut32.lib uuid.lib odbc32.lib odbccp32.lib /MANIFEST /ManifestFile:"Debug\List.exe.intermediate.manifest" /MANIFESTUAC:"level='asInvoker' uiAccess='false'" /DEBUG /PDB:"D:\DSACPP\Fundamental\Debug\List.pdb" /SUBSYSTEM:CONSOLE /TLBID:1 /DYNAMICBASE /NXCOMPAT /IMPLIB:"D:\DSACPP\Fundamental\Debug\List.lib" /MACHINE:X86 Debug\List.exe.embed.manifest.res
  Debug\main.obj
Manifest:
  C:\Program Files\Microsoft SDKs\Windows\v7.0A\bin\mt.exe /nologo /verbose /out:"Debug\List.exe.embed.manifest" /manifest Debug\List.exe.intermediate.manifest
  C:\Program Files\Microsoft SDKs\Windows\v7.0A\bin\rc.exe /nologo /fo"Debug\List.exe.embed.manifest.res" Debug\List_manifest.rc 
LinkEmbedManifest:
  C:\Program Files\Microsoft Visual Studio 10.0\VC\bin\link.exe /ERRORREPORT:PROMPT /OUT:"D:\DSACPP\Fundamental\Debug\List.exe" /INCREMENTAL /NOLOGO kernel32.lib user32.lib gdi32.lib winspool.lib comdlg32.lib advapi32.lib shell32.lib ole32.lib oleaut32.lib uuid.lib odbc32.lib odbccp32.lib /MANIFEST /ManifestFile:"Debug\List.exe.intermediate.manifest" /MANIFESTUAC:"level='asInvoker' uiAccess='false'" /DEBUG /PDB:"D:\DSACPP\Fundamental\Debug\List.pdb" /SUBSYSTEM:CONSOLE /TLBID:1 /DYNAMICBASE /NXCOMPAT /IMPLIB:"D:\DSACPP\Fundamental\Debug\List.lib" /MACHINE:X86 Debug\List.exe.embed.manifest.res
  Debug\main.obj
  List.vcxproj -> D:\DSACPP\Fundamental\Debug\List.exe
FinalizeBuildStatus:
  Deleting file "Debug\List.unsuccessfulbuild".
  Touching "Debug\List.lastbuildstate".
Done Building Project "D:\DSACPP\List\List.vcxproj" (build target(s)).

Build succeeded.

Time Elapsed 00:00:02.04
