D:\DSACPP\Fundamental\Debug\Vector.pdb
D:\DSACPP\Vector\Debug\cl.command.1.tlog
D:\DSACPP\Vector\Debug\CL.read.1.tlog
D:\DSACPP\Vector\Debug\CL.write.1.tlog
D:\DSACPP\Vector\Debug\link.5452.read.1.tlog
D:\DSACPP\Vector\Debug\link.5452.write.1.tlog
D:\DSACPP\Vector\Debug\link.5452-cvtres.read.1.tlog
D:\DSACPP\Vector\Debug\link.5452-cvtres.write.1.tlog
D:\DSACPP\Vector\Debug\link.command.1.tlog
D:\DSACPP\Vector\Debug\link.read.1.tlog
D:\DSACPP\Vector\Debug\link.write.1.tlog
D:\DSACPP\Vector\Debug\link-cvtres.read.1.tlog
D:\DSACPP\Vector\Debug\link-cvtres.write.1.tlog
D:\DSACPP\VECTOR\DEBUG\MAIN.OBJ
D:\DSACPP\Vector\Debug\mt.command.1.tlog
D:\DSACPP\Vector\Debug\mt.read.1.tlog
D:\DSACPP\Vector\Debug\mt.write.1.tlog
D:\DSACPP\Vector\Debug\rc.command.1.tlog
D:\DSACPP\Vector\Debug\rc.read.1.tlog
D:\DSACPP\Vector\Debug\rc.write.1.tlog
D:\DSACPP\Vector\Debug\vc100.idb
D:\DSACPP\VECTOR\DEBUG\VC100.PDB
D:\DSACPP\VECTOR\DEBUG\VECTOR.EXE.EMBED.MANIFEST
D:\DSACPP\VECTOR\DEBUG\VECTOR.EXE.EMBED.MANIFEST.RES
D:\DSACPP\Vector\Debug\Vector.exe.intermediate.manifest
D:\DSACPP\Vector\Debug\Vector_manifest.rc
