Build started 10/23/2016 3:05:52 PM.
Project "D:\DSACPP\Vector\Vector.vcxproj" on node 2 (build target(s)).
InitializeBuildStatus:
  Creating "Debug\Vector.unsuccessfulbuild" because "AlwaysCreate" was specified.
ClCompile:
  C:\Program Files\Microsoft Visual Studio 10.0\VC\bin\CL.exe /c /ZI /nologo /W3 /WX- /Od /Oy- /D WIN32 /D _DEBUG /D _CONSOLE /D _UNICODE /D UNICODE /Gm /EHsc /RTC1 /MDd /GS /fp:precise /Zc:wchar_t /Zc:forScope /Fo"Debug\\" /Fd"Debug\vc100.pdb" /Gd /TP /analyze- /errorReport:prompt main.cpp
  main.cpp
ManifestResourceCompile:
  All outputs are up-to-date.
Link:
  C:\Program Files\Microsoft Visual Studio 10.0\VC\bin\link.exe /ERRORREPORT:PROMPT /OUT:"D:\DSACPP\Fundamental\Debug\Vector.exe" /INCREMENTAL /NOLOGO kernel32.lib user32.lib gdi32.lib winspool.lib comdlg32.lib advapi32.lib shell32.lib ole32.lib oleaut32.lib uuid.lib odbc32.lib odbccp32.lib /MANIFEST /ManifestFile:"Debug\Vector.exe.intermediate.manifest" /MANIFESTUAC:"level='asInvoker' uiAccess='false'" /DEBUG /PDB:"D:\DSACPP\Fundamental\Debug\Vector.pdb" /SUBSYSTEM:CONSOLE /TLBID:1 /DYNAMICBASE /NXCOMPAT /IMPLIB:"D:\DSACPP\Fundamental\Debug\Vector.lib" /MACHINE:X86 Debug\Vector.exe.embed.manifest.res
  Debug\main.obj
Manifest:
  C:\Program Files\Microsoft SDKs\Windows\v7.0A\bin\mt.exe /nologo /verbose /out:"Debug\Vector.exe.embed.manifest" /manifest Debug\Vector.exe.intermediate.manifest
  All outputs are up-to-date.
LinkEmbedManifest:
  All outputs are up-to-date.
  Vector.vcxproj -> D:\DSACPP\Fundamental\Debug\Vector.exe
FinalizeBuildStatus:
  Deleting file "Debug\Vector.unsuccessfulbuild".
  Touching "Debug\Vector.lastbuildstate".
Done Building Project "D:\DSACPP\Vector\Vector.vcxproj" (build target(s)).

Build succeeded.

Time Elapsed 00:00:01.85
